[INFO  - 2019-03-09T13:53:38.034Z] GhostDriver - Main - running on port 6371
[INFO  - 2019-03-09T13:54:42.064Z] GhostDriver - Main - running on port 7058
[INFO  - 2019-03-09T13:54:42.687Z] Session [e3c7fc30-4272-11e9-93d1-af3c108bff15] - page.settings - {"XSSAuditingEnabled":false,"javascriptCanCloseWindows":true,"javascriptCanOpenWindows":true,"javascriptEnabled":true,"loadImages":true,"localToRemoteUrlAccessEnabled":false,"userAgent":"Mozilla/5.0 (Windows NT 6.2; WOW64) AppleWebKit/538.1 (KHTML, like Gecko) PhantomJS/2.1.1 Safari/538.1","webSecurityEnabled":true}
[INFO  - 2019-03-09T13:54:42.687Z] Session [e3c7fc30-4272-11e9-93d1-af3c108bff15] - page.customHeaders:  - {}
[INFO  - 2019-03-09T13:54:42.689Z] Session [e3c7fc30-4272-11e9-93d1-af3c108bff15] - Session.negotiatedCapabilities - {"browserName":"phantomjs","version":"2.1.1","driverName":"ghostdriver","driverVersion":"1.2.0","platform":"windows-10-32bit","javascriptEnabled":true,"takesScreenshot":true,"handlesAlerts":false,"databaseEnabled":false,"locationContextEnabled":false,"applicationCacheEnabled":false,"browserConnectionEnabled":false,"cssSelectorsEnabled":true,"webStorageEnabled":false,"rotatable":false,"acceptSslCerts":false,"nativeEvents":true,"proxy":{"proxyType":"direct"}}
[INFO  - 2019-03-09T13:54:42.693Z] SessionManagerReqHand - _postNewSessionCommand - New Session Created: e3c7fc30-4272-11e9-93d1-af3c108bff15
[INFO  - 2019-03-09T13:57:00.792Z] ShutdownReqHand - _handle - About to shutdown
[INFO  - 2019-03-09T15:18:47.769Z] GhostDriver - Main - running on port 21190
[INFO  - 2019-03-09T15:18:48.465Z] Session [a34cc260-427e-11e9-ad91-3fc6d332f56c] - page.settings - {"XSSAuditingEnabled":false,"javascriptCanCloseWindows":true,"javascriptCanOpenWindows":true,"javascriptEnabled":true,"loadImages":true,"localToRemoteUrlAccessEnabled":false,"userAgent":"Mozilla/5.0 (Windows NT 6.2; WOW64) AppleWebKit/538.1 (KHTML, like Gecko) PhantomJS/2.1.1 Safari/538.1","webSecurityEnabled":true}
[INFO  - 2019-03-09T15:18:48.465Z] Session [a34cc260-427e-11e9-ad91-3fc6d332f56c] - page.customHeaders:  - {}
[INFO  - 2019-03-09T15:18:48.467Z] Session [a34cc260-427e-11e9-ad91-3fc6d332f56c] - Session.negotiatedCapabilities - {"browserName":"phantomjs","version":"2.1.1","driverName":"ghostdriver","driverVersion":"1.2.0","platform":"windows-10-32bit","javascriptEnabled":true,"takesScreenshot":true,"handlesAlerts":false,"databaseEnabled":false,"locationContextEnabled":false,"applicationCacheEnabled":false,"browserConnectionEnabled":false,"cssSelectorsEnabled":true,"webStorageEnabled":false,"rotatable":false,"acceptSslCerts":false,"nativeEvents":true,"proxy":{"proxyType":"direct"}}
[INFO  - 2019-03-09T15:18:48.470Z] SessionManagerReqHand - _postNewSessionCommand - New Session Created: a34cc260-427e-11e9-ad91-3fc6d332f56c
[INFO  - 2019-03-09T15:23:47.750Z] SessionManagerReqHand - _cleanupWindowlessSessions - Asynchronous Sessions clean-up phase starting NOW
[INFO  - 2019-03-09T15:24:29.683Z] ShutdownReqHand - _handle - About to shutdown
[INFO  - 2019-03-30T10:42:47.185Z] GhostDriver - Main - running on port 33380
[INFO  - 2019-03-30T10:42:48.941Z] Session [8fba5e00-52d8-11e9-a6d5-4d9a64e9fb68] - page.settings - {"XSSAuditingEnabled":false,"javascriptCanCloseWindows":true,"javascriptCanOpenWindows":true,"javascriptEnabled":true,"loadImages":true,"localToRemoteUrlAccessEnabled":false,"userAgent":"Mozilla/5.0 (Windows NT 6.2; WOW64) AppleWebKit/538.1 (KHTML, like Gecko) PhantomJS/2.1.1 Safari/538.1","webSecurityEnabled":true}
[INFO  - 2019-03-30T10:42:48.942Z] Session [8fba5e00-52d8-11e9-a6d5-4d9a64e9fb68] - page.customHeaders:  - {}
[INFO  - 2019-03-30T10:42:48.942Z] Session [8fba5e00-52d8-11e9-a6d5-4d9a64e9fb68] - Session.negotiatedCapabilities - {"browserName":"phantomjs","version":"2.1.1","driverName":"ghostdriver","driverVersion":"1.2.0","platform":"windows-10-32bit","javascriptEnabled":true,"takesScreenshot":true,"handlesAlerts":false,"databaseEnabled":false,"locationContextEnabled":false,"applicationCacheEnabled":false,"browserConnectionEnabled":false,"cssSelectorsEnabled":true,"webStorageEnabled":false,"rotatable":false,"acceptSslCerts":false,"nativeEvents":true,"proxy":{"proxyType":"direct"}}
[INFO  - 2019-03-30T10:42:48.943Z] SessionManagerReqHand - _postNewSessionCommand - New Session Created: 8fba5e00-52d8-11e9-a6d5-4d9a64e9fb68
[INFO  - 2019-03-30T12:42:23.468Z] SessionManagerReqHand - _cleanupWindowlessSessions - Asynchronous Sessions clean-up phase starting NOW
[INFO  - 2019-03-30T12:45:03.677Z] ShutdownReqHand - _handle - About to shutdown
[INFO  - 2019-03-30T13:11:45.586Z] GhostDriver - Main - running on port 30475
[INFO  - 2019-03-30T13:11:46.043Z] Session [5ea83700-52ed-11e9-8bdf-1bc753a888a0] - page.settings - {"XSSAuditingEnabled":false,"javascriptCanCloseWindows":true,"javascriptCanOpenWindows":true,"javascriptEnabled":true,"loadImages":true,"localToRemoteUrlAccessEnabled":false,"userAgent":"Mozilla/5.0 (Windows NT 6.2; WOW64) AppleWebKit/538.1 (KHTML, like Gecko) PhantomJS/2.1.1 Safari/538.1","webSecurityEnabled":true}
[INFO  - 2019-03-30T13:11:46.043Z] Session [5ea83700-52ed-11e9-8bdf-1bc753a888a0] - page.customHeaders:  - {}
[INFO  - 2019-03-30T13:11:46.044Z] Session [5ea83700-52ed-11e9-8bdf-1bc753a888a0] - Session.negotiatedCapabilities - {"browserName":"phantomjs","version":"2.1.1","driverName":"ghostdriver","driverVersion":"1.2.0","platform":"windows-10-32bit","javascriptEnabled":true,"takesScreenshot":true,"handlesAlerts":false,"databaseEnabled":false,"locationContextEnabled":false,"applicationCacheEnabled":false,"browserConnectionEnabled":false,"cssSelectorsEnabled":true,"webStorageEnabled":false,"rotatable":false,"acceptSslCerts":false,"nativeEvents":true,"proxy":{"proxyType":"direct"}}
[INFO  - 2019-03-30T13:11:46.044Z] SessionManagerReqHand - _postNewSessionCommand - New Session Created: 5ea83700-52ed-11e9-8bdf-1bc753a888a0
[INFO  - 2019-03-30T13:15:39.594Z] ShutdownReqHand - _handle - About to shutdown
[INFO  - 2019-03-31T19:15:02.271Z] GhostDriver - Main - running on port 6751
[INFO  - 2019-03-31T19:16:44.832Z] GhostDriver - Main - running on port 41982
[INFO  - 2019-03-31T19:16:47.516Z] Session [875a7ad0-53e9-11e9-9c02-75825e0e888b] - page.settings - {"XSSAuditingEnabled":false,"javascriptCanCloseWindows":true,"javascriptCanOpenWindows":true,"javascriptEnabled":true,"loadImages":true,"localToRemoteUrlAccessEnabled":false,"userAgent":"Mozilla/5.0 (Windows NT 6.2; WOW64) AppleWebKit/538.1 (KHTML, like Gecko) PhantomJS/2.1.1 Safari/538.1","webSecurityEnabled":true}
[INFO  - 2019-03-31T19:16:47.523Z] Session [875a7ad0-53e9-11e9-9c02-75825e0e888b] - page.customHeaders:  - {}
[INFO  - 2019-03-31T19:16:47.525Z] Session [875a7ad0-53e9-11e9-9c02-75825e0e888b] - Session.negotiatedCapabilities - {"browserName":"phantomjs","version":"2.1.1","driverName":"ghostdriver","driverVersion":"1.2.0","platform":"windows-10-32bit","javascriptEnabled":true,"takesScreenshot":true,"handlesAlerts":false,"databaseEnabled":false,"locationContextEnabled":false,"applicationCacheEnabled":false,"browserConnectionEnabled":false,"cssSelectorsEnabled":true,"webStorageEnabled":false,"rotatable":false,"acceptSslCerts":false,"nativeEvents":true,"proxy":{"proxyType":"direct"}}
[INFO  - 2019-03-31T19:16:47.528Z] SessionManagerReqHand - _postNewSessionCommand - New Session Created: 875a7ad0-53e9-11e9-9c02-75825e0e888b
[INFO  - 2019-03-31T19:17:49.994Z] ShutdownReqHand - _handle - About to shutdown
[INFO  - 2019-03-31T19:18:44.835Z] GhostDriver - Main - running on port 6767
[INFO  - 2019-03-31T19:18:46.125Z] Session [ce0fd420-53e9-11e9-9f91-150954f15698] - page.settings - {"XSSAuditingEnabled":false,"javascriptCanCloseWindows":true,"javascriptCanOpenWindows":true,"javascriptEnabled":true,"loadImages":true,"localToRemoteUrlAccessEnabled":false,"userAgent":"Mozilla/5.0 (Windows NT 6.2; WOW64) AppleWebKit/538.1 (KHTML, like Gecko) PhantomJS/2.1.1 Safari/538.1","webSecurityEnabled":true}
[INFO  - 2019-03-31T19:18:46.126Z] Session [ce0fd420-53e9-11e9-9f91-150954f15698] - page.customHeaders:  - {}
[INFO  - 2019-03-31T19:18:46.126Z] Session [ce0fd420-53e9-11e9-9f91-150954f15698] - Session.negotiatedCapabilities - {"browserName":"phantomjs","version":"2.1.1","driverName":"ghostdriver","driverVersion":"1.2.0","platform":"windows-10-32bit","javascriptEnabled":true,"takesScreenshot":true,"handlesAlerts":false,"databaseEnabled":false,"locationContextEnabled":false,"applicationCacheEnabled":false,"browserConnectionEnabled":false,"cssSelectorsEnabled":true,"webStorageEnabled":false,"rotatable":false,"acceptSslCerts":false,"nativeEvents":true,"proxy":{"proxyType":"direct"}}
[INFO  - 2019-03-31T19:18:46.126Z] SessionManagerReqHand - _postNewSessionCommand - New Session Created: ce0fd420-53e9-11e9-9f91-150954f15698
[INFO  - 2019-03-31T19:21:52.042Z] ShutdownReqHand - _handle - About to shutdown
[INFO  - 2019-03-31T19:56:13.571Z] GhostDriver - Main - running on port 40252
[INFO  - 2019-03-31T19:56:15.251Z] Session [0aa53880-53ef-11e9-ae1f-5367da428846] - page.settings - {"XSSAuditingEnabled":false,"javascriptCanCloseWindows":true,"javascriptCanOpenWindows":true,"javascriptEnabled":true,"loadImages":true,"localToRemoteUrlAccessEnabled":false,"userAgent":"Mozilla/5.0 (Windows NT 6.2; WOW64) AppleWebKit/538.1 (KHTML, like Gecko) PhantomJS/2.1.1 Safari/538.1","webSecurityEnabled":true}
[INFO  - 2019-03-31T19:56:15.251Z] Session [0aa53880-53ef-11e9-ae1f-5367da428846] - page.customHeaders:  - {}
[INFO  - 2019-03-31T19:56:15.251Z] Session [0aa53880-53ef-11e9-ae1f-5367da428846] - Session.negotiatedCapabilities - {"browserName":"phantomjs","version":"2.1.1","driverName":"ghostdriver","driverVersion":"1.2.0","platform":"windows-10-32bit","javascriptEnabled":true,"takesScreenshot":true,"handlesAlerts":false,"databaseEnabled":false,"locationContextEnabled":false,"applicationCacheEnabled":false,"browserConnectionEnabled":false,"cssSelectorsEnabled":true,"webStorageEnabled":false,"rotatable":false,"acceptSslCerts":false,"nativeEvents":true,"proxy":{"proxyType":"direct"}}
[INFO  - 2019-03-31T19:56:15.252Z] SessionManagerReqHand - _postNewSessionCommand - New Session Created: 0aa53880-53ef-11e9-ae1f-5367da428846
[INFO  - 2019-03-31T19:57:58.714Z] ShutdownReqHand - _handle - About to shutdown
[INFO  - 2019-06-15T07:18:06.548Z] GhostDriver - Main - running on port 41291
[INFO  - 2019-06-15T07:18:07.377Z] Session [b9283db0-8f3d-11e9-9926-95d4fca782b5] - page.settings - {"XSSAuditingEnabled":false,"javascriptCanCloseWindows":true,"javascriptCanOpenWindows":true,"javascriptEnabled":true,"loadImages":true,"localToRemoteUrlAccessEnabled":false,"userAgent":"Mozilla/5.0 (Windows NT 6.2; WOW64) AppleWebKit/538.1 (KHTML, like Gecko) PhantomJS/2.1.1 Safari/538.1","webSecurityEnabled":true}
[INFO  - 2019-06-15T07:18:07.378Z] Session [b9283db0-8f3d-11e9-9926-95d4fca782b5] - page.customHeaders:  - {}
[INFO  - 2019-06-15T07:18:07.378Z] Session [b9283db0-8f3d-11e9-9926-95d4fca782b5] - Session.negotiatedCapabilities - {"browserName":"phantomjs","version":"2.1.1","driverName":"ghostdriver","driverVersion":"1.2.0","platform":"windows-10-32bit","javascriptEnabled":true,"takesScreenshot":true,"handlesAlerts":false,"databaseEnabled":false,"locationContextEnabled":false,"applicationCacheEnabled":false,"browserConnectionEnabled":false,"cssSelectorsEnabled":true,"webStorageEnabled":false,"rotatable":false,"acceptSslCerts":false,"nativeEvents":true,"proxy":{"proxyType":"direct"}}
[INFO  - 2019-06-15T07:18:07.378Z] SessionManagerReqHand - _postNewSessionCommand - New Session Created: b9283db0-8f3d-11e9-9926-95d4fca782b5
[INFO  - 2019-06-15T07:23:06.545Z] SessionManagerReqHand - _cleanupWindowlessSessions - Asynchronous Sessions clean-up phase starting NOW
[INFO  - 2019-06-15T07:23:23.752Z] ShutdownReqHand - _handle - About to shutdown
[INFO  - 2019-06-15T07:42:30.855Z] GhostDriver - Main - running on port 20215
[INFO  - 2019-06-15T07:42:31.683Z] Session [21f39ad0-8f41-11e9-805c-4b2121e577a1] - page.settings - {"XSSAuditingEnabled":false,"javascriptCanCloseWindows":true,"javascriptCanOpenWindows":true,"javascriptEnabled":true,"loadImages":true,"localToRemoteUrlAccessEnabled":false,"userAgent":"Mozilla/5.0 (Windows NT 6.2; WOW64) AppleWebKit/538.1 (KHTML, like Gecko) PhantomJS/2.1.1 Safari/538.1","webSecurityEnabled":true}
[INFO  - 2019-06-15T07:42:31.684Z] Session [21f39ad0-8f41-11e9-805c-4b2121e577a1] - page.customHeaders:  - {}
[INFO  - 2019-06-15T07:42:31.684Z] Session [21f39ad0-8f41-11e9-805c-4b2121e577a1] - Session.negotiatedCapabilities - {"browserName":"phantomjs","version":"2.1.1","driverName":"ghostdriver","driverVersion":"1.2.0","platform":"windows-10-32bit","javascriptEnabled":true,"takesScreenshot":true,"handlesAlerts":false,"databaseEnabled":false,"locationContextEnabled":false,"applicationCacheEnabled":false,"browserConnectionEnabled":false,"cssSelectorsEnabled":true,"webStorageEnabled":false,"rotatable":false,"acceptSslCerts":false,"nativeEvents":true,"proxy":{"proxyType":"direct"}}
[INFO  - 2019-06-15T07:42:31.684Z] SessionManagerReqHand - _postNewSessionCommand - New Session Created: 21f39ad0-8f41-11e9-805c-4b2121e577a1
[INFO  - 2019-06-15T07:47:00.180Z] ShutdownReqHand - _handle - About to shutdown
[INFO  - 2019-06-15T08:55:12.975Z] GhostDriver - Main - running on port 48669
[INFO  - 2019-06-15T08:55:13.656Z] Session [49e38f00-8f4b-11e9-815d-855af031b2f0] - page.settings - {"XSSAuditingEnabled":false,"javascriptCanCloseWindows":true,"javascriptCanOpenWindows":true,"javascriptEnabled":true,"loadImages":true,"localToRemoteUrlAccessEnabled":false,"userAgent":"Mozilla/5.0 (Windows NT 6.2; WOW64) AppleWebKit/538.1 (KHTML, like Gecko) PhantomJS/2.1.1 Safari/538.1","webSecurityEnabled":true}
[INFO  - 2019-06-15T08:55:13.656Z] Session [49e38f00-8f4b-11e9-815d-855af031b2f0] - page.customHeaders:  - {}
[INFO  - 2019-06-15T08:55:13.656Z] Session [49e38f00-8f4b-11e9-815d-855af031b2f0] - Session.negotiatedCapabilities - {"browserName":"phantomjs","version":"2.1.1","driverName":"ghostdriver","driverVersion":"1.2.0","platform":"windows-10-32bit","javascriptEnabled":true,"takesScreenshot":true,"handlesAlerts":false,"databaseEnabled":false,"locationContextEnabled":false,"applicationCacheEnabled":false,"browserConnectionEnabled":false,"cssSelectorsEnabled":true,"webStorageEnabled":false,"rotatable":false,"acceptSslCerts":false,"nativeEvents":true,"proxy":{"proxyType":"direct"}}
[INFO  - 2019-06-15T08:55:13.656Z] SessionManagerReqHand - _postNewSessionCommand - New Session Created: 49e38f00-8f4b-11e9-815d-855af031b2f0
[INFO  - 2019-06-15T09:00:12.980Z] SessionManagerReqHand - _cleanupWindowlessSessions - Asynchronous Sessions clean-up phase starting NOW
[INFO  - 2019-06-16T17:04:36.431Z] GhostDriver - Main - running on port 24917
[INFO  - 2019-06-16T17:04:37.203Z] Session [d25701b0-9058-11e9-8852-ffb88c24664f] - page.settings - {"XSSAuditingEnabled":false,"javascriptCanCloseWindows":true,"javascriptCanOpenWindows":true,"javascriptEnabled":true,"loadImages":true,"localToRemoteUrlAccessEnabled":false,"userAgent":"Mozilla/5.0 (Windows NT 6.2; WOW64) AppleWebKit/538.1 (KHTML, like Gecko) PhantomJS/2.1.1 Safari/538.1","webSecurityEnabled":true}
[INFO  - 2019-06-16T17:04:37.203Z] Session [d25701b0-9058-11e9-8852-ffb88c24664f] - page.customHeaders:  - {}
[INFO  - 2019-06-16T17:04:37.203Z] Session [d25701b0-9058-11e9-8852-ffb88c24664f] - Session.negotiatedCapabilities - {"browserName":"phantomjs","version":"2.1.1","driverName":"ghostdriver","driverVersion":"1.2.0","platform":"windows-10-32bit","javascriptEnabled":true,"takesScreenshot":true,"handlesAlerts":false,"databaseEnabled":false,"locationContextEnabled":false,"applicationCacheEnabled":false,"browserConnectionEnabled":false,"cssSelectorsEnabled":true,"webStorageEnabled":false,"rotatable":false,"acceptSslCerts":false,"nativeEvents":true,"proxy":{"proxyType":"direct"}}
[INFO  - 2019-06-16T17:04:37.203Z] SessionManagerReqHand - _postNewSessionCommand - New Session Created: d25701b0-9058-11e9-8852-ffb88c24664f
[INFO  - 2019-06-16T17:09:36.426Z] SessionManagerReqHand - _cleanupWindowlessSessions - Asynchronous Sessions clean-up phase starting NOW
[INFO  - 2019-06-16T17:14:36.427Z] SessionManagerReqHand - _cleanupWindowlessSessions - Asynchronous Sessions clean-up phase starting NOW
[INFO  - 2019-06-16T17:19:36.427Z] SessionManagerReqHand - _cleanupWindowlessSessions - Asynchronous Sessions clean-up phase starting NOW
[INFO  - 2019-06-16T17:24:36.427Z] SessionManagerReqHand - _cleanupWindowlessSessions - Asynchronous Sessions clean-up phase starting NOW
[INFO  - 2019-06-16T17:29:39.192Z] SessionManagerReqHand - _cleanupWindowlessSessions - Asynchronous Sessions clean-up phase starting NOW
[INFO  - 2019-06-16T17:34:39.200Z] SessionManagerReqHand - _cleanupWindowlessSessions - Asynchronous Sessions clean-up phase starting NOW
[INFO  - 2019-06-16T17:39:39.200Z] SessionManagerReqHand - _cleanupWindowlessSessions - Asynchronous Sessions clean-up phase starting NOW
[INFO  - 2019-06-16T17:44:39.200Z] SessionManagerReqHand - _cleanupWindowlessSessions - Asynchronous Sessions clean-up phase starting NOW
[INFO  - 2019-06-16T17:49:39.204Z] SessionManagerReqHand - _cleanupWindowlessSessions - Asynchronous Sessions clean-up phase starting NOW
[INFO  - 2019-06-16T17:54:39.204Z] SessionManagerReqHand - _cleanupWindowlessSessions - Asynchronous Sessions clean-up phase starting NOW
[INFO  - 2019-06-16T17:59:39.210Z] SessionManagerReqHand - _cleanupWindowlessSessions - Asynchronous Sessions clean-up phase starting NOW
[INFO  - 2019-06-16T18:04:39.210Z] SessionManagerReqHand - _cleanupWindowlessSessions - Asynchronous Sessions clean-up phase starting NOW
[INFO  - 2019-06-19T02:44:53.101Z] SessionManagerReqHand - _cleanupWindowlessSessions - Asynchronous Sessions clean-up phase starting NOW
[INFO  - 2019-06-19T02:45:27.934Z] ShutdownReqHand - _handle - About to shutdown
